<?xml version="1.0" encoding="UTF-8"?>
<!-- Generated by org.testng.reporters.JUnitReportReporter -->
<testsuite hostname="AthiraKrishnan" failures="0" tests="2" name="testCases.LoginPage" time="14.310" errors="0" timestamp="2022-03-05T10:37:44 IST" skipped="0">
  <testcase classname="testCases.LoginPage" name="checklogin" time="6.852"/>
  <system-out/>
  <testcase classname="testCases.LoginPage" name="checklogin" time="7.458"/>
  <system-out/>
</testsuite> <!-- testCases.LoginPage -->
