<?xml version="1.0" encoding="UTF-8"?>
<!-- Generated by org.testng.reporters.JUnitReportReporter -->
<testsuite hostname="AthiraKrishnan" failures="0" tests="1" name="testCases.CoursesPage" time="0.245" errors="0" timestamp="2022-03-05T10:37:44 IST" skipped="0">
  <testcase classname="testCases.CoursesPage" name="clickOnRadioButton" time="0.245"/>
  <system-out/>
</testsuite> <!-- testCases.CoursesPage -->
