<?xml version="1.0" encoding="UTF-8"?>
<!-- Generated by org.testng.reporters.JUnitReportReporter -->
<testsuite skipped="0" hostname="AthiraKrishnan" name="testCases.CoursesPage" tests="1" failures="0" timestamp="2022-03-04T20:43:20 IST" time="0.305" errors="0">
  <testcase name="clickOnRadioButton" time="0.305" classname="testCases.CoursesPage"/>
  <system-out/>
</testsuite> <!-- testCases.CoursesPage -->
