<?xml version="1.0" encoding="UTF-8"?>
<!-- Generated by org.testng.reporters.JUnitReportReporter -->
<testsuite skipped="0" hostname="AthiraKrishnan" name="testCases.LoginPage" tests="2" failures="0" timestamp="2022-03-04T20:43:20 IST" time="9.593" errors="0">
  <testcase name="checklogin" time="4.886" classname="testCases.LoginPage"/>
  <system-out/>
  <testcase name="checklogin" time="4.707" classname="testCases.LoginPage"/>
  <system-out/>
</testsuite> <!-- testCases.LoginPage -->
